TN:
SF:/work/spectre/src/Executables/ParallelInfo/ParallelInfo.cpp
FN:8,CkRegisterMainModule
FN:10,main
FN:13,_Z41__static_initialization_and_destruction_0ii
FN:13,_GLOBAL__sub_I_CkRegisterMainModule
FNDA:0,_Z41__static_initialization_and_destruction_0ii
FNDA:0,_GLOBAL__sub_I_CkRegisterMainModule
FNDA:0,main
FNDA:0,CkRegisterMainModule
FNF:4
FNH:0
DA:8,0
DA:10,0
DA:11,0
DA:12,0
DA:13,0
LF:5
LH:0
end_of_record
TN:
SF:/work/spectre/src/Utilities/ConstantExpressions.hpp
FNF:0
FNH:0
DA:21,9
LF:1
LH:1
end_of_record
